<?xml version="1.0" encoding="UTF-8"?>
<!-- Generated by org.testng.reporters.JUnitReportReporter -->
<testsuite hostname="Micgael-PC" failures="0" tests="1" name="example.NewTest" time="67.924" errors="0" timestamp="2022-05-28T00:07:57 SAST" skipped="0">
  <testcase classname="example.NewTest" name="testEasy" time="67.924"/>
  <system-out/>
</testsuite> <!-- example.NewTest -->
