<?xml version="1.0" encoding="UTF-8"?>
<!-- Generated by org.testng.reporters.JUnitReportReporter -->
<testsuite hostname="Micgael-PC" failures="0" tests="1" name="testTwo.TestLogin" time="18.017" errors="0" timestamp="2022-05-28T00:07:57 SAST" skipped="0">
  <testcase classname="testTwo.TestLogin" name="test_Home_Appear_Correct" time="18.017"/>
  <system-out/>
</testsuite> <!-- testTwo.TestLogin -->
