<?xml version="1.0" encoding="UTF-8"?>
<!-- Generated by org.testng.reporters.JUnitReportReporter -->
<testsuite hostname="Micgael-PC" failures="0" tests="1" name="testTwo.TestLoginPageFactory" time="21.845" errors="0" timestamp="2022-05-28T00:07:57 SAST" skipped="0">
  <testcase classname="testTwo.TestLoginPageFactory" name="test_Home_Page_Appear_Correct" time="21.845"/>
  <system-out/>
</testsuite> <!-- testTwo.TestLoginPageFactory -->
